<?xml version="1.0" encoding="UTF-8"?>
<!-- Generated by org.testng.reporters.JUnitReportReporter -->
<testsuite hostname="1-STOP10298" name="logHours.LogEffortsInJira" tests="15" failures="0" timestamp="2 May 2016 13:17:59 GMT" time="403.417" errors="0">
  <testcase name="jiraLoginTest" time="17.936" classname="logHours.LogEffortsInJira"/>
  <testcase name="logWorkTest" time="27.000" classname="logHours.LogEffortsInJira"/>
  <testcase name="logWorkTest" time="33.571" classname="logHours.LogEffortsInJira"/>
  <testcase name="logWorkTest" time="27.278" classname="logHours.LogEffortsInJira"/>
  <testcase name="logWorkTest" time="27.049" classname="logHours.LogEffortsInJira"/>
  <testcase name="logWorkTest" time="26.911" classname="logHours.LogEffortsInJira"/>
  <testcase name="logWorkTest" time="27.075" classname="logHours.LogEffortsInJira"/>
  <testcase name="logWorkTest" time="27.102" classname="logHours.LogEffortsInJira"/>
  <testcase name="logWorkTest" time="27.165" classname="logHours.LogEffortsInJira"/>
  <testcase name="logWorkTest" time="27.156" classname="logHours.LogEffortsInJira"/>
  <testcase name="logWorkTest" time="27.108" classname="logHours.LogEffortsInJira"/>
  <testcase name="logWorkTest" time="26.958" classname="logHours.LogEffortsInJira"/>
  <testcase name="logWorkTest" time="26.914" classname="logHours.LogEffortsInJira"/>
  <testcase name="logWorkTest" time="27.224" classname="logHours.LogEffortsInJira"/>
  <testcase name="logWorkTest" time="26.970" classname="logHours.LogEffortsInJira"/>
</testsuite> <!-- logHours.LogEffortsInJira -->
