<?xml version="1.0" encoding="UTF-8"?>
<!-- Generated by org.testng.reporters.JUnitReportReporter -->
<testsuite hostname="1-STOP10298" name="logHours.LogEfforts" tests="11" failures="0" timestamp="6 Apr 2016 03:59:31 GMT" time="352.080" errors="0">
  <testcase name="logWorkTest" time="33.127" classname="logHours.LogEfforts"/>
  <testcase name="logWorkTest" time="33.939" classname="logHours.LogEfforts"/>
  <testcase name="logWorkTest" time="35.623" classname="logHours.LogEfforts"/>
  <testcase name="logWorkTest" time="34.578" classname="logHours.LogEfforts"/>
  <testcase name="jiraLoginTest" time="10.441" classname="logHours.LogEfforts"/>
  <testcase name="logWorkTest" time="34.202" classname="logHours.LogEfforts"/>
  <testcase name="logWorkTest" time="33.870" classname="logHours.LogEfforts"/>
  <testcase name="logWorkTest" time="35.993" classname="logHours.LogEfforts"/>
  <testcase name="logWorkTest" time="33.856" classname="logHours.LogEfforts"/>
  <testcase name="logWorkTest" time="33.270" classname="logHours.LogEfforts"/>
  <testcase name="logWorkTest" time="33.181" classname="logHours.LogEfforts"/>
</testsuite> <!-- logHours.LogEfforts -->
